<?xml version="1.0" encoding="UTF-8"?>
<testng-results skipped="0" failed="0" ignored="0" total="1" passed="1">
  <reporter-output>
  </reporter-output>
  <suite name="Default suite" duration-ms="10817" started-at="2019-06-03T07:15:31Z" finished-at="2019-06-03T07:15:42Z">
    <groups>
    </groups>
    <test name="Default test" duration-ms="10817" started-at="2019-06-03T07:15:31Z" finished-at="2019-06-03T07:15:42Z">
      <class name="PageObjMod.pageImpl">
        <test-method status="PASS" signature="Method()[pri:0, instance:PageObjMod.pageImpl@29774679]" name="Method" duration-ms="10749" started-at="2019-06-03T07:15:31Z" finished-at="2019-06-03T07:15:42Z">
          <reporter-output>
          </reporter-output>
        </test-method> <!-- Method -->
      </class> <!-- PageObjMod.pageImpl -->
    </test> <!-- Default test -->
  </suite> <!-- Default suite -->
</testng-results>
